The system is: Linux - 2.6.32-431.20.3.el6.x86_64 - x86_64
Compiling the C compiler identification source file "CMakeCCompilerId.c" succeeded.
Compiler: /mnt/applications/rh/devtoolset-2/root/usr/bin/cc 
Build flags: 
Id flags: 

The output was:
0


Compilation of the C compiler identification source "CMakeCCompilerId.c" produced "a.out"

The C compiler identification is GNU, found in "/home/af2213/crowdsim_FPGA/CrowdSim/CMakeFiles/3.0.2/CompilerIdC/a.out"

Compiling the CXX compiler identification source file "CMakeCXXCompilerId.cpp" succeeded.
Compiler: /mnt/applications/rh/devtoolset-2/root/usr/bin/c++ 
Build flags: 
Id flags: 

The output was:
0


Compilation of the CXX compiler identification source "CMakeCXXCompilerId.cpp" produced "a.out"

The CXX compiler identification is GNU, found in "/home/af2213/crowdsim_FPGA/CrowdSim/CMakeFiles/3.0.2/CompilerIdCXX/a.out"

Determining if the C compiler works passed with the following output:
Change Dir: /home/af2213/crowdsim_FPGA/CrowdSim/CMakeFiles/CMakeTmp

Run Build Command:"/usr/bin/gmake" "cmTryCompileExec2465601453/fast"
/usr/bin/gmake -f CMakeFiles/cmTryCompileExec2465601453.dir/build.make CMakeFiles/cmTryCompileExec2465601453.dir/build
gmake[1]: Entering directory `/home/af2213/crowdsim_FPGA/CrowdSim/CMakeFiles/CMakeTmp'
/mnt/applications/cmake/bin/cmake -E cmake_progress_report /home/af2213/crowdsim_FPGA/CrowdSim/CMakeFiles/CMakeTmp/CMakeFiles 1
Building C object CMakeFiles/cmTryCompileExec2465601453.dir/testCCompiler.c.o
/mnt/applications/rh/devtoolset-2/root/usr/bin/cc    -o CMakeFiles/cmTryCompileExec2465601453.dir/testCCompiler.c.o   -c /home/af2213/crowdsim_FPGA/CrowdSim/CMakeFiles/CMakeTmp/testCCompiler.c
Linking C executable cmTryCompileExec2465601453
/mnt/applications/cmake/bin/cmake -E cmake_link_script CMakeFiles/cmTryCompileExec2465601453.dir/link.txt --verbose=1
/mnt/applications/rh/devtoolset-2/root/usr/bin/cc       CMakeFiles/cmTryCompileExec2465601453.dir/testCCompiler.c.o  -o cmTryCompileExec2465601453 -rdynamic 
gmake[1]: Leaving directory `/home/af2213/crowdsim_FPGA/CrowdSim/CMakeFiles/CMakeTmp'


Detecting C compiler ABI info compiled with the following output:
Change Dir: /home/af2213/crowdsim_FPGA/CrowdSim/CMakeFiles/CMakeTmp

Run Build Command:"/usr/bin/gmake" "cmTryCompileExec1501525690/fast"
/usr/bin/gmake -f CMakeFiles/cmTryCompileExec1501525690.dir/build.make CMakeFiles/cmTryCompileExec1501525690.dir/build
gmake[1]: Entering directory `/home/af2213/crowdsim_FPGA/CrowdSim/CMakeFiles/CMakeTmp'
/mnt/applications/cmake/bin/cmake -E cmake_progress_report /home/af2213/crowdsim_FPGA/CrowdSim/CMakeFiles/CMakeTmp/CMakeFiles 1
Building C object CMakeFiles/cmTryCompileExec1501525690.dir/CMakeCCompilerABI.c.o
/mnt/applications/rh/devtoolset-2/root/usr/bin/cc    -o CMakeFiles/cmTryCompileExec1501525690.dir/CMakeCCompilerABI.c.o   -c /mnt/applications/cmake/share/cmake-3.0/Modules/CMakeCCompilerABI.c
Linking C executable cmTryCompileExec1501525690
/mnt/applications/cmake/bin/cmake -E cmake_link_script CMakeFiles/cmTryCompileExec1501525690.dir/link.txt --verbose=1
/mnt/applications/rh/devtoolset-2/root/usr/bin/cc     -v CMakeFiles/cmTryCompileExec1501525690.dir/CMakeCCompilerABI.c.o  -o cmTryCompileExec1501525690 -rdynamic  
Using built-in specs.
COLLECT_GCC=/mnt/applications/rh/devtoolset-2/root/usr/bin/cc
COLLECT_LTO_WRAPPER=/mnt/applications/rh/devtoolset-2/root/usr/bin/../libexec/gcc/x86_64-redhat-linux/4.8.2/lto-wrapper
Target: x86_64-redhat-linux
Configured with: ../configure --prefix=/opt/rh/devtoolset-2/root/usr --mandir=/opt/rh/devtoolset-2/root/usr/share/man --infodir=/opt/rh/devtoolset-2/root/usr/share/info --with-bugurl=http://bugzilla.redhat.com/bugzilla --enable-bootstrap --enable-shared --enable-threads=posix --enable-checking=release --with-system-zlib --enable-__cxa_atexit --disable-libunwind-exceptions --enable-gnu-unique-object --enable-linker-build-id --enable-languages=c,c++,fortran,lto --enable-plugin --with-linker-hash-style=gnu --enable-initfini-array --disable-libgcj --with-isl=/dev/shm/home/centos/rpm/BUILD/gcc-4.8.2-20140120/obj-x86_64-redhat-linux/isl-install --with-cloog=/dev/shm/home/centos/rpm/BUILD/gcc-4.8.2-20140120/obj-x86_64-redhat-linux/cloog-install --with-mpc=/dev/shm/home/centos/rpm/BUILD/gcc-4.8.2-20140120/obj-x86_64-redhat-linux/mpc-install --with-tune=generic --with-arch_32=i686 --build=x86_64-redhat-linux
Thread model: posix
gcc version 4.8.2 20140120 (Red Hat 4.8.2-15) (GCC) 
COMPILER_PATH=/mnt/applications/rh/devtoolset-2/root/usr/bin/../libexec/gcc/x86_64-redhat-linux/4.8.2/:/mnt/applications/rh/devtoolset-2/root/usr/bin/../libexec/gcc/
LIBRARY_PATH=/mnt/applications/rh/devtoolset-2/root/usr/bin/../lib/gcc/x86_64-redhat-linux/4.8.2/:/mnt/applications/rh/devtoolset-2/root/usr/bin/../lib/gcc/:/mnt/applications/nvidia/cuda/7.0/lib64/../lib64/:/mnt/applications/blas/lib64/../lib64/:/mnt/applications/intel/opencl/lib64/../lib64/:/mnt/applications/rh/devtoolset-2/root/lib/../lib64/:/mnt/applications/rh/devtoolset-2/root/usr/lib64/../lib64/:/mnt/applications/rh/devtoolset-2/root/usr/bin/../lib/gcc/x86_64-redhat-linux/4.8.2/../../../../lib64/:/lib/../lib64/:/usr/lib/../lib64/:./:/mnt/applications/libevent/2.0.21/lib/:/mnt/applications/hdf5/1.8.16/lib/:/mnt/applications/leveldb/1.9.0/lib/:/mnt/applications/lmdb/lib/:/mnt/applications/gflags/lib/:/mnt/applications/glog-0.3.3/lib/:/mnt/applications/flex/2.5.39/lib/:/mnt/applications/nvidia/cuda/7.0/lib64/:/mnt/applications/opencv/2.4.10/lib/:/mnt/applications/metis/5.1.0/lib/:/mnt/applications/graphviz/2.38.0/lib/:/mnt/applications/mentor/modelsim/modeltech/lib/:/mnt/applications/bison/3.0.2/lib/:/mnt/applications/readline/6.3/lib/:/mnt/applications/mpfr/3.1.2/lib/:/mnt/applications/gmp/6.0.0/lib/:/mnt/applications/PDFlib/lib/:/mnt/applications/zimpl/zimpl/lib/:/mnt/applications/scip/3.1.1/lib/:/mnt/applications/boost/stage/lib/:/mnt/applications/fuse/lib/:/mnt/applications/blas/lib64/:/mnt/applications/intel/opencl/lib64/:/mnt/applications/zlib/lib/:/mnt/applications/AMD/APP/3.0/AMDAPPSDK-3.0/lib/x86_64/:/mnt/applications/python/3.5.1/lib/:/mnt/applications/python/2.7/lib/:/mnt/applications/gsl/1.16/lib/:/mnt/applications/rh/devtoolset-2/root/lib/:/mnt/applications/rh/devtoolset-2/root/usr/lib64/:/mnt/applications/altera/15.0/hld/board/nalla_pcie/linux64/lib/:/mnt/applications/altera/15.0/hld/host/linux64/lib/:./:./:./:./:./:./:./:/mnt/applications/wxWidgets/2.8.12/lib/:./:./:./:./:./:./:/mnt/applications/rh/devtoolset-2/root/usr/bin/../lib/gcc/x86_64-redhat-linux/4.8.2/../../../:/lib/:/usr/lib/
COLLECT_GCC_OPTIONS='-v' '-o' 'cmTryCompileExec1501525690' '-rdynamic' '-mtune=generic' '-march=x86-64'
 /mnt/applications/rh/devtoolset-2/root/usr/bin/../libexec/gcc/x86_64-redhat-linux/4.8.2/collect2 --build-id --no-add-needed --eh-frame-hdr --hash-style=gnu -m elf_x86_64 -export-dynamic -dynamic-linker /lib64/ld-linux-x86-64.so.2 -o cmTryCompileExec1501525690 /usr/lib/../lib64/crt1.o /usr/lib/../lib64/crti.o /mnt/applications/rh/devtoolset-2/root/usr/bin/../lib/gcc/x86_64-redhat-linux/4.8.2/crtbegin.o -L/mnt/applications/rh/devtoolset-2/root/usr/bin/../lib/gcc/x86_64-redhat-linux/4.8.2 -L/mnt/applications/rh/devtoolset-2/root/usr/bin/../lib/gcc -L/mnt/applications/nvidia/cuda/7.0/lib64/../lib64 -L/mnt/applications/blas/lib64/../lib64 -L/mnt/applications/intel/opencl/lib64/../lib64 -L/mnt/applications/rh/devtoolset-2/root/lib/../lib64 -L/mnt/applications/rh/devtoolset-2/root/usr/lib64/../lib64 -L/mnt/applications/rh/devtoolset-2/root/usr/bin/../lib/gcc/x86_64-redhat-linux/4.8.2/../../../../lib64 -L/lib/../lib64 -L/usr/lib/../lib64 -L. -L/mnt/applications/libevent/2.0.21/lib -L/mnt/applications/hdf5/1.8.16/lib -L/mnt/applications/leveldb/1.9.0/lib -L/mnt/applications/lmdb/lib -L/mnt/applications/gflags/lib -L/mnt/applications/glog-0.3.3/lib -L/mnt/applications/flex/2.5.39/lib -L/mnt/applications/nvidia/cuda/7.0/lib64 -L/mnt/applications/opencv/2.4.10/lib -L/mnt/applications/metis/5.1.0/lib -L/mnt/applications/graphviz/2.38.0/lib -L/mnt/applications/mentor/modelsim/modeltech/lib -L/mnt/applications/bison/3.0.2/lib -L/mnt/applications/readline/6.3/lib -L/mnt/applications/mpfr/3.1.2/lib -L/mnt/applications/gmp/6.0.0/lib -L/mnt/applications/PDFlib/lib -L/mnt/applications/zimpl/zimpl/lib -L/mnt/applications/scip/3.1.1/lib -L/mnt/applications/boost/stage/lib -L/mnt/applications/fuse/lib -L/mnt/applications/blas/lib64 -L/mnt/applications/intel/opencl/lib64 -L/mnt/applications/zlib/lib -L/mnt/applications/AMD/APP/3.0/AMDAPPSDK-3.0/lib/x86_64 -L/mnt/applications/python/3.5.1/lib -L/mnt/applications/python/2.7/lib -L/mnt/applications/gsl/1.16/lib -L/mnt/applications/rh/devtoolset-2/root/lib -L/mnt/applications/rh/devtoolset-2/root/usr/lib64 -L/mnt/applications/altera/15.0/hld/board/nalla_pcie/linux64/lib -L/mnt/applications/altera/15.0/hld/host/linux64/lib -L. -L. -L. -L. -L. -L. -L. -L/mnt/applications/wxWidgets/2.8.12/lib -L. -L. -L. -L. -L. -L. -L/mnt/applications/rh/devtoolset-2/root/usr/bin/../lib/gcc/x86_64-redhat-linux/4.8.2/../../.. CMakeFiles/cmTryCompileExec1501525690.dir/CMakeCCompilerABI.c.o -lgcc --as-needed -lgcc_s --no-as-needed -lc -lgcc --as-needed -lgcc_s --no-as-needed /mnt/applications/rh/devtoolset-2/root/usr/bin/../lib/gcc/x86_64-redhat-linux/4.8.2/crtend.o /usr/lib/../lib64/crtn.o
gmake[1]: Leaving directory `/home/af2213/crowdsim_FPGA/CrowdSim/CMakeFiles/CMakeTmp'


Parsed C implicit link information from above output:
  link line regex: [^( *|.*[/\])(ld|([^/\]+-)?ld|collect2)[^/\]*( |$)]
  ignore line: [Change Dir: /home/af2213/crowdsim_FPGA/CrowdSim/CMakeFiles/CMakeTmp]
  ignore line: []
  ignore line: [Run Build Command:"/usr/bin/gmake" "cmTryCompileExec1501525690/fast"]
  ignore line: [/usr/bin/gmake -f CMakeFiles/cmTryCompileExec1501525690.dir/build.make CMakeFiles/cmTryCompileExec1501525690.dir/build]
  ignore line: [gmake[1]: Entering directory `/home/af2213/crowdsim_FPGA/CrowdSim/CMakeFiles/CMakeTmp']
  ignore line: [/mnt/applications/cmake/bin/cmake -E cmake_progress_report /home/af2213/crowdsim_FPGA/CrowdSim/CMakeFiles/CMakeTmp/CMakeFiles 1]
  ignore line: [Building C object CMakeFiles/cmTryCompileExec1501525690.dir/CMakeCCompilerABI.c.o]
  ignore line: [/mnt/applications/rh/devtoolset-2/root/usr/bin/cc    -o CMakeFiles/cmTryCompileExec1501525690.dir/CMakeCCompilerABI.c.o   -c /mnt/applications/cmake/share/cmake-3.0/Modules/CMakeCCompilerABI.c]
  ignore line: [Linking C executable cmTryCompileExec1501525690]
  ignore line: [/mnt/applications/cmake/bin/cmake -E cmake_link_script CMakeFiles/cmTryCompileExec1501525690.dir/link.txt --verbose=1]
  ignore line: [/mnt/applications/rh/devtoolset-2/root/usr/bin/cc     -v CMakeFiles/cmTryCompileExec1501525690.dir/CMakeCCompilerABI.c.o  -o cmTryCompileExec1501525690 -rdynamic  ]
  ignore line: [Using built-in specs.]
  ignore line: [COLLECT_GCC=/mnt/applications/rh/devtoolset-2/root/usr/bin/cc]
  ignore line: [COLLECT_LTO_WRAPPER=/mnt/applications/rh/devtoolset-2/root/usr/bin/../libexec/gcc/x86_64-redhat-linux/4.8.2/lto-wrapper]
  ignore line: [Target: x86_64-redhat-linux]
  ignore line: [Configured with: ../configure --prefix=/opt/rh/devtoolset-2/root/usr --mandir=/opt/rh/devtoolset-2/root/usr/share/man --infodir=/opt/rh/devtoolset-2/root/usr/share/info --with-bugurl=http://bugzilla.redhat.com/bugzilla --enable-bootstrap --enable-shared --enable-threads=posix --enable-checking=release --with-system-zlib --enable-__cxa_atexit --disable-libunwind-exceptions --enable-gnu-unique-object --enable-linker-build-id --enable-languages=c,c++,fortran,lto --enable-plugin --with-linker-hash-style=gnu --enable-initfini-array --disable-libgcj --with-isl=/dev/shm/home/centos/rpm/BUILD/gcc-4.8.2-20140120/obj-x86_64-redhat-linux/isl-install --with-cloog=/dev/shm/home/centos/rpm/BUILD/gcc-4.8.2-20140120/obj-x86_64-redhat-linux/cloog-install --with-mpc=/dev/shm/home/centos/rpm/BUILD/gcc-4.8.2-20140120/obj-x86_64-redhat-linux/mpc-install --with-tune=generic --with-arch_32=i686 --build=x86_64-redhat-linux]
  ignore line: [Thread model: posix]
  ignore line: [gcc version 4.8.2 20140120 (Red Hat 4.8.2-15) (GCC) ]
  ignore line: [COMPILER_PATH=/mnt/applications/rh/devtoolset-2/root/usr/bin/../libexec/gcc/x86_64-redhat-linux/4.8.2/:/mnt/applications/rh/devtoolset-2/root/usr/bin/../libexec/gcc/]
  ignore line: [LIBRARY_PATH=/mnt/applications/rh/devtoolset-2/root/usr/bin/../lib/gcc/x86_64-redhat-linux/4.8.2/:/mnt/applications/rh/devtoolset-2/root/usr/bin/../lib/gcc/:/mnt/applications/nvidia/cuda/7.0/lib64/../lib64/:/mnt/applications/blas/lib64/../lib64/:/mnt/applications/intel/opencl/lib64/../lib64/:/mnt/applications/rh/devtoolset-2/root/lib/../lib64/:/mnt/applications/rh/devtoolset-2/root/usr/lib64/../lib64/:/mnt/applications/rh/devtoolset-2/root/usr/bin/../lib/gcc/x86_64-redhat-linux/4.8.2/../../../../lib64/:/lib/../lib64/:/usr/lib/../lib64/:./:/mnt/applications/libevent/2.0.21/lib/:/mnt/applications/hdf5/1.8.16/lib/:/mnt/applications/leveldb/1.9.0/lib/:/mnt/applications/lmdb/lib/:/mnt/applications/gflags/lib/:/mnt/applications/glog-0.3.3/lib/:/mnt/applications/flex/2.5.39/lib/:/mnt/applications/nvidia/cuda/7.0/lib64/:/mnt/applications/opencv/2.4.10/lib/:/mnt/applications/metis/5.1.0/lib/:/mnt/applications/graphviz/2.38.0/lib/:/mnt/applications/mentor/modelsim/modeltech/lib/:/mnt/applications/bison/3.0.2/lib/:/mnt/applications/readline/6.3/lib/:/mnt/applications/mpfr/3.1.2/lib/:/mnt/applications/gmp/6.0.0/lib/:/mnt/applications/PDFlib/lib/:/mnt/applications/zimpl/zimpl/lib/:/mnt/applications/scip/3.1.1/lib/:/mnt/applications/boost/stage/lib/:/mnt/applications/fuse/lib/:/mnt/applications/blas/lib64/:/mnt/applications/intel/opencl/lib64/:/mnt/applications/zlib/lib/:/mnt/applications/AMD/APP/3.0/AMDAPPSDK-3.0/lib/x86_64/:/mnt/applications/python/3.5.1/lib/:/mnt/applications/python/2.7/lib/:/mnt/applications/gsl/1.16/lib/:/mnt/applications/rh/devtoolset-2/root/lib/:/mnt/applications/rh/devtoolset-2/root/usr/lib64/:/mnt/applications/altera/15.0/hld/board/nalla_pcie/linux64/lib/:/mnt/applications/altera/15.0/hld/host/linux64/lib/:./:./:./:./:./:./:./:/mnt/applications/wxWidgets/2.8.12/lib/:./:./:./:./:./:./:/mnt/applications/rh/devtoolset-2/root/usr/bin/../lib/gcc/x86_64-redhat-linux/4.8.2/../../../:/lib/:/usr/lib/]
  ignore line: [COLLECT_GCC_OPTIONS='-v' '-o' 'cmTryCompileExec1501525690' '-rdynamic' '-mtune=generic' '-march=x86-64']
  link line: [ /mnt/applications/rh/devtoolset-2/root/usr/bin/../libexec/gcc/x86_64-redhat-linux/4.8.2/collect2 --build-id --no-add-needed --eh-frame-hdr --hash-style=gnu -m elf_x86_64 -export-dynamic -dynamic-linker /lib64/ld-linux-x86-64.so.2 -o cmTryCompileExec1501525690 /usr/lib/../lib64/crt1.o /usr/lib/../lib64/crti.o /mnt/applications/rh/devtoolset-2/root/usr/bin/../lib/gcc/x86_64-redhat-linux/4.8.2/crtbegin.o -L/mnt/applications/rh/devtoolset-2/root/usr/bin/../lib/gcc/x86_64-redhat-linux/4.8.2 -L/mnt/applications/rh/devtoolset-2/root/usr/bin/../lib/gcc -L/mnt/applications/nvidia/cuda/7.0/lib64/../lib64 -L/mnt/applications/blas/lib64/../lib64 -L/mnt/applications/intel/opencl/lib64/../lib64 -L/mnt/applications/rh/devtoolset-2/root/lib/../lib64 -L/mnt/applications/rh/devtoolset-2/root/usr/lib64/../lib64 -L/mnt/applications/rh/devtoolset-2/root/usr/bin/../lib/gcc/x86_64-redhat-linux/4.8.2/../../../../lib64 -L/lib/../lib64 -L/usr/lib/../lib64 -L. -L/mnt/applications/libevent/2.0.21/lib -L/mnt/applications/hdf5/1.8.16/lib -L/mnt/applications/leveldb/1.9.0/lib -L/mnt/applications/lmdb/lib -L/mnt/applications/gflags/lib -L/mnt/applications/glog-0.3.3/lib -L/mnt/applications/flex/2.5.39/lib -L/mnt/applications/nvidia/cuda/7.0/lib64 -L/mnt/applications/opencv/2.4.10/lib -L/mnt/applications/metis/5.1.0/lib -L/mnt/applications/graphviz/2.38.0/lib -L/mnt/applications/mentor/modelsim/modeltech/lib -L/mnt/applications/bison/3.0.2/lib -L/mnt/applications/readline/6.3/lib -L/mnt/applications/mpfr/3.1.2/lib -L/mnt/applications/gmp/6.0.0/lib -L/mnt/applications/PDFlib/lib -L/mnt/applications/zimpl/zimpl/lib -L/mnt/applications/scip/3.1.1/lib -L/mnt/applications/boost/stage/lib -L/mnt/applications/fuse/lib -L/mnt/applications/blas/lib64 -L/mnt/applications/intel/opencl/lib64 -L/mnt/applications/zlib/lib -L/mnt/applications/AMD/APP/3.0/AMDAPPSDK-3.0/lib/x86_64 -L/mnt/applications/python/3.5.1/lib -L/mnt/applications/python/2.7/lib -L/mnt/applications/gsl/1.16/lib -L/mnt/applications/rh/devtoolset-2/root/lib -L/mnt/applications/rh/devtoolset-2/root/usr/lib64 -L/mnt/applications/altera/15.0/hld/board/nalla_pcie/linux64/lib -L/mnt/applications/altera/15.0/hld/host/linux64/lib -L. -L. -L. -L. -L. -L. -L. -L/mnt/applications/wxWidgets/2.8.12/lib -L. -L. -L. -L. -L. -L. -L/mnt/applications/rh/devtoolset-2/root/usr/bin/../lib/gcc/x86_64-redhat-linux/4.8.2/../../.. CMakeFiles/cmTryCompileExec1501525690.dir/CMakeCCompilerABI.c.o -lgcc --as-needed -lgcc_s --no-as-needed -lc -lgcc --as-needed -lgcc_s --no-as-needed /mnt/applications/rh/devtoolset-2/root/usr/bin/../lib/gcc/x86_64-redhat-linux/4.8.2/crtend.o /usr/lib/../lib64/crtn.o]
    arg [/mnt/applications/rh/devtoolset-2/root/usr/bin/../libexec/gcc/x86_64-redhat-linux/4.8.2/collect2] ==> ignore
    arg [--build-id] ==> ignore
    arg [--no-add-needed] ==> ignore
    arg [--eh-frame-hdr] ==> ignore
    arg [--hash-style=gnu] ==> ignore
    arg [-m] ==> ignore
    arg [elf_x86_64] ==> ignore
    arg [-export-dynamic] ==> ignore
    arg [-dynamic-linker] ==> ignore
    arg [/lib64/ld-linux-x86-64.so.2] ==> ignore
    arg [-o] ==> ignore
    arg [cmTryCompileExec1501525690] ==> ignore
    arg [/usr/lib/../lib64/crt1.o] ==> ignore
    arg [/usr/lib/../lib64/crti.o] ==> ignore
    arg [/mnt/applications/rh/devtoolset-2/root/usr/bin/../lib/gcc/x86_64-redhat-linux/4.8.2/crtbegin.o] ==> ignore
    arg [-L/mnt/applications/rh/devtoolset-2/root/usr/bin/../lib/gcc/x86_64-redhat-linux/4.8.2] ==> dir [/mnt/applications/rh/devtoolset-2/root/usr/bin/../lib/gcc/x86_64-redhat-linux/4.8.2]
    arg [-L/mnt/applications/rh/devtoolset-2/root/usr/bin/../lib/gcc] ==> dir [/mnt/applications/rh/devtoolset-2/root/usr/bin/../lib/gcc]
    arg [-L/mnt/applications/nvidia/cuda/7.0/lib64/../lib64] ==> dir [/mnt/applications/nvidia/cuda/7.0/lib64/../lib64]
    arg [-L/mnt/applications/blas/lib64/../lib64] ==> dir [/mnt/applications/blas/lib64/../lib64]
    arg [-L/mnt/applications/intel/opencl/lib64/../lib64] ==> dir [/mnt/applications/intel/opencl/lib64/../lib64]
    arg [-L/mnt/applications/rh/devtoolset-2/root/lib/../lib64] ==> dir [/mnt/applications/rh/devtoolset-2/root/lib/../lib64]
    arg [-L/mnt/applications/rh/devtoolset-2/root/usr/lib64/../lib64] ==> dir [/mnt/applications/rh/devtoolset-2/root/usr/lib64/../lib64]
    arg [-L/mnt/applications/rh/devtoolset-2/root/usr/bin/../lib/gcc/x86_64-redhat-linux/4.8.2/../../../../lib64] ==> dir [/mnt/applications/rh/devtoolset-2/root/usr/bin/../lib/gcc/x86_64-redhat-linux/4.8.2/../../../../lib64]
    arg [-L/lib/../lib64] ==> dir [/lib/../lib64]
    arg [-L/usr/lib/../lib64] ==> dir [/usr/lib/../lib64]
    arg [-L.] ==> ignore
    arg [-L/mnt/applications/libevent/2.0.21/lib] ==> dir [/mnt/applications/libevent/2.0.21/lib]
    arg [-L/mnt/applications/hdf5/1.8.16/lib] ==> dir [/mnt/applications/hdf5/1.8.16/lib]
    arg [-L/mnt/applications/leveldb/1.9.0/lib] ==> dir [/mnt/applications/leveldb/1.9.0/lib]
    arg [-L/mnt/applications/lmdb/lib] ==> dir [/mnt/applications/lmdb/lib]
    arg [-L/mnt/applications/gflags/lib] ==> dir [/mnt/applications/gflags/lib]
    arg [-L/mnt/applications/glog-0.3.3/lib] ==> dir [/mnt/applications/glog-0.3.3/lib]
    arg [-L/mnt/applications/flex/2.5.39/lib] ==> dir [/mnt/applications/flex/2.5.39/lib]
    arg [-L/mnt/applications/nvidia/cuda/7.0/lib64] ==> dir [/mnt/applications/nvidia/cuda/7.0/lib64]
    arg [-L/mnt/applications/opencv/2.4.10/lib] ==> dir [/mnt/applications/opencv/2.4.10/lib]
    arg [-L/mnt/applications/metis/5.1.0/lib] ==> dir [/mnt/applications/metis/5.1.0/lib]
    arg [-L/mnt/applications/graphviz/2.38.0/lib] ==> dir [/mnt/applications/graphviz/2.38.0/lib]
    arg [-L/mnt/applications/mentor/modelsim/modeltech/lib] ==> dir [/mnt/applications/mentor/modelsim/modeltech/lib]
    arg [-L/mnt/applications/bison/3.0.2/lib] ==> dir [/mnt/applications/bison/3.0.2/lib]
    arg [-L/mnt/applications/readline/6.3/lib] ==> dir [/mnt/applications/readline/6.3/lib]
    arg [-L/mnt/applications/mpfr/3.1.2/lib] ==> dir [/mnt/applications/mpfr/3.1.2/lib]
    arg [-L/mnt/applications/gmp/6.0.0/lib] ==> dir [/mnt/applications/gmp/6.0.0/lib]
    arg [-L/mnt/applications/PDFlib/lib] ==> dir [/mnt/applications/PDFlib/lib]
    arg [-L/mnt/applications/zimpl/zimpl/lib] ==> dir [/mnt/applications/zimpl/zimpl/lib]
    arg [-L/mnt/applications/scip/3.1.1/lib] ==> dir [/mnt/applications/scip/3.1.1/lib]
    arg [-L/mnt/applications/boost/stage/lib] ==> dir [/mnt/applications/boost/stage/lib]
    arg [-L/mnt/applications/fuse/lib] ==> dir [/mnt/applications/fuse/lib]
    arg [-L/mnt/applications/blas/lib64] ==> dir [/mnt/applications/blas/lib64]
    arg [-L/mnt/applications/intel/opencl/lib64] ==> dir [/mnt/applications/intel/opencl/lib64]
    arg [-L/mnt/applications/zlib/lib] ==> dir [/mnt/applications/zlib/lib]
    arg [-L/mnt/applications/AMD/APP/3.0/AMDAPPSDK-3.0/lib/x86_64] ==> dir [/mnt/applications/AMD/APP/3.0/AMDAPPSDK-3.0/lib/x86_64]
    arg [-L/mnt/applications/python/3.5.1/lib] ==> dir [/mnt/applications/python/3.5.1/lib]
    arg [-L/mnt/applications/python/2.7/lib] ==> dir [/mnt/applications/python/2.7/lib]
    arg [-L/mnt/applications/gsl/1.16/lib] ==> dir [/mnt/applications/gsl/1.16/lib]
    arg [-L/mnt/applications/rh/devtoolset-2/root/lib] ==> dir [/mnt/applications/rh/devtoolset-2/root/lib]
    arg [-L/mnt/applications/rh/devtoolset-2/root/usr/lib64] ==> dir [/mnt/applications/rh/devtoolset-2/root/usr/lib64]
    arg [-L/mnt/applications/altera/15.0/hld/board/nalla_pcie/linux64/lib] ==> dir [/mnt/applications/altera/15.0/hld/board/nalla_pcie/linux64/lib]
    arg [-L/mnt/applications/altera/15.0/hld/host/linux64/lib] ==> dir [/mnt/applications/altera/15.0/hld/host/linux64/lib]
    arg [-L.] ==> ignore
    arg [-L.] ==> ignore
    arg [-L.] ==> ignore
    arg [-L.] ==> ignore
    arg [-L.] ==> ignore
    arg [-L.] ==> ignore
    arg [-L.] ==> ignore
    arg [-L/mnt/applications/wxWidgets/2.8.12/lib] ==> dir [/mnt/applications/wxWidgets/2.8.12/lib]
    arg [-L.] ==> ignore
    arg [-L.] ==> ignore
    arg [-L.] ==> ignore
    arg [-L.] ==> ignore
    arg [-L.] ==> ignore
    arg [-L.] ==> ignore
    arg [-L/mnt/applications/rh/devtoolset-2/root/usr/bin/../lib/gcc/x86_64-redhat-linux/4.8.2/../../..] ==> dir [/mnt/applications/rh/devtoolset-2/root/usr/bin/../lib/gcc/x86_64-redhat-linux/4.8.2/../../..]
    arg [CMakeFiles/cmTryCompileExec1501525690.dir/CMakeCCompilerABI.c.o] ==> ignore
    arg [-lgcc] ==> lib [gcc]
    arg [--as-needed] ==> ignore
    arg [-lgcc_s] ==> lib [gcc_s]
    arg [--no-as-needed] ==> ignore
    arg [-lc] ==> lib [c]
    arg [-lgcc] ==> lib [gcc]
    arg [--as-needed] ==> ignore
    arg [-lgcc_s] ==> lib [gcc_s]
    arg [--no-as-needed] ==> ignore
    arg [/mnt/applications/rh/devtoolset-2/root/usr/bin/../lib/gcc/x86_64-redhat-linux/4.8.2/crtend.o] ==> ignore
    arg [/usr/lib/../lib64/crtn.o] ==> ignore
  remove lib [gcc]
  remove lib [gcc_s]
  remove lib [gcc]
  remove lib [gcc_s]
  collapse library dir [/mnt/applications/rh/devtoolset-2/root/usr/bin/../lib/gcc/x86_64-redhat-linux/4.8.2] ==> [/mnt/applications/rh/devtoolset-2/root/usr/lib/gcc/x86_64-redhat-linux/4.8.2]
  collapse library dir [/mnt/applications/rh/devtoolset-2/root/usr/bin/../lib/gcc] ==> [/mnt/applications/rh/devtoolset-2/root/usr/lib/gcc]
  collapse library dir [/mnt/applications/nvidia/cuda/7.0/lib64/../lib64] ==> [/mnt/applications/nvidia/cuda/7.0/lib64]
  collapse library dir [/mnt/applications/blas/lib64/../lib64] ==> [/mnt/applications/blas/lib64]
  collapse library dir [/mnt/applications/intel/opencl/lib64/../lib64] ==> [/mnt/applications/intel/opencl/lib64]
  collapse library dir [/mnt/applications/rh/devtoolset-2/root/lib/../lib64] ==> [/mnt/applications/rh/devtoolset-2/root/lib64]
  collapse library dir [/mnt/applications/rh/devtoolset-2/root/usr/lib64/../lib64] ==> [/mnt/applications/rh/devtoolset-2/root/usr/lib64]
  collapse library dir [/mnt/applications/rh/devtoolset-2/root/usr/bin/../lib/gcc/x86_64-redhat-linux/4.8.2/../../../../lib64] ==> [/mnt/applications/rh/devtoolset-2/root/usr/lib64]
  collapse library dir [/lib/../lib64] ==> [/lib64]
  collapse library dir [/usr/lib/../lib64] ==> [/usr/lib64]
  collapse library dir [/mnt/applications/libevent/2.0.21/lib] ==> [/mnt/applications/libevent/2.0.21/lib]
  collapse library dir [/mnt/applications/hdf5/1.8.16/lib] ==> [/mnt/applications/hdf5/1.8.16/lib]
  collapse library dir [/mnt/applications/leveldb/1.9.0/lib] ==> [/mnt/applications/leveldb/1.9.0/lib]
  collapse library dir [/mnt/applications/lmdb/lib] ==> [/mnt/applications/lmdb/lib]
  collapse library dir [/mnt/applications/gflags/lib] ==> [/mnt/applications/gflags/lib]
  collapse library dir [/mnt/applications/glog-0.3.3/lib] ==> [/mnt/applications/glog-0.3.3/lib]
  collapse library dir [/mnt/applications/flex/2.5.39/lib] ==> [/mnt/applications/flex/2.5.39/lib]
  collapse library dir [/mnt/applications/nvidia/cuda/7.0/lib64] ==> [/mnt/applications/nvidia/cuda/7.0/lib64]
  collapse library dir [/mnt/applications/opencv/2.4.10/lib] ==> [/mnt/applications/opencv/2.4.10/lib]
  collapse library dir [/mnt/applications/metis/5.1.0/lib] ==> [/mnt/applications/metis/5.1.0/lib]
  collapse library dir [/mnt/applications/graphviz/2.38.0/lib] ==> [/mnt/applications/graphviz/2.38.0/lib]
  collapse library dir [/mnt/applications/mentor/modelsim/modeltech/lib] ==> [/mnt/applications/mentor/modelsim/modeltech/lib]
  collapse library dir [/mnt/applications/bison/3.0.2/lib] ==> [/mnt/applications/bison/3.0.2/lib]
  collapse library dir [/mnt/applications/readline/6.3/lib] ==> [/mnt/applications/readline/6.3/lib]
  collapse library dir [/mnt/applications/mpfr/3.1.2/lib] ==> [/mnt/applications/mpfr/3.1.2/lib]
  collapse library dir [/mnt/applications/gmp/6.0.0/lib] ==> [/mnt/applications/gmp/6.0.0/lib]
  collapse library dir [/mnt/applications/PDFlib/lib] ==> [/mnt/applications/PDFlib/lib]
  collapse library dir [/mnt/applications/zimpl/zimpl/lib] ==> [/mnt/applications/zimpl/zimpl/lib]
  collapse library dir [/mnt/applications/scip/3.1.1/lib] ==> [/mnt/applications/scip/3.1.1/lib]
  collapse library dir [/mnt/applications/boost/stage/lib] ==> [/mnt/applications/boost/stage/lib]
  collapse library dir [/mnt/applications/fuse/lib] ==> [/mnt/applications/fuse/lib]
  collapse library dir [/mnt/applications/blas/lib64] ==> [/mnt/applications/blas/lib64]
  collapse library dir [/mnt/applications/intel/opencl/lib64] ==> [/mnt/applications/intel/opencl/lib64]
  collapse library dir [/mnt/applications/zlib/lib] ==> [/mnt/applications/zlib/lib]
  collapse library dir [/mnt/applications/AMD/APP/3.0/AMDAPPSDK-3.0/lib/x86_64] ==> [/mnt/applications/AMD/APP/3.0/AMDAPPSDK-3.0/lib/x86_64]
  collapse library dir [/mnt/applications/python/3.5.1/lib] ==> [/mnt/applications/python/3.5.1/lib]
  collapse library dir [/mnt/applications/python/2.7/lib] ==> [/mnt/applications/python/2.7/lib]
  collapse library dir [/mnt/applications/gsl/1.16/lib] ==> [/mnt/applications/gsl/1.16/lib]
  collapse library dir [/mnt/applications/rh/devtoolset-2/root/lib] ==> [/mnt/applications/rh/devtoolset-2/root/lib]
  collapse library dir [/mnt/applications/rh/devtoolset-2/root/usr/lib64] ==> [/mnt/applications/rh/devtoolset-2/root/usr/lib64]
  collapse library dir [/mnt/applications/altera/15.0/hld/board/nalla_pcie/linux64/lib] ==> [/mnt/applications/altera/15.0/hld/board/nalla_pcie/linux64/lib]
  collapse library dir [/mnt/applications/altera/15.0/hld/host/linux64/lib] ==> [/mnt/applications/altera/15.0/hld/host/linux64/lib]
  collapse library dir [/mnt/applications/wxWidgets/2.8.12/lib] ==> [/mnt/applications/wxWidgets/2.8.12/lib]
  collapse library dir [/mnt/applications/rh/devtoolset-2/root/usr/bin/../lib/gcc/x86_64-redhat-linux/4.8.2/../../..] ==> [/mnt/applications/rh/devtoolset-2/root/usr/lib]
  implicit libs: [c]
  implicit dirs: [/mnt/applications/rh/devtoolset-2/root/usr/lib/gcc/x86_64-redhat-linux/4.8.2;/mnt/applications/rh/devtoolset-2/root/usr/lib/gcc;/mnt/applications/nvidia/cuda/7.0/lib64;/mnt/applications/blas/lib64;/mnt/applications/intel/opencl/lib64;/mnt/applications/rh/devtoolset-2/root/lib64;/mnt/applications/rh/devtoolset-2/root/usr/lib64;/lib64;/usr/lib64;/mnt/applications/libevent/2.0.21/lib;/mnt/applications/hdf5/1.8.16/lib;/mnt/applications/leveldb/1.9.0/lib;/mnt/applications/lmdb/lib;/mnt/applications/gflags/lib;/mnt/applications/glog-0.3.3/lib;/mnt/applications/flex/2.5.39/lib;/mnt/applications/opencv/2.4.10/lib;/mnt/applications/metis/5.1.0/lib;/mnt/applications/graphviz/2.38.0/lib;/mnt/applications/mentor/modelsim/modeltech/lib;/mnt/applications/bison/3.0.2/lib;/mnt/applications/readline/6.3/lib;/mnt/applications/mpfr/3.1.2/lib;/mnt/applications/gmp/6.0.0/lib;/mnt/applications/PDFlib/lib;/mnt/applications/zimpl/zimpl/lib;/mnt/applications/scip/3.1.1/lib;/mnt/applications/boost/stage/lib;/mnt/applications/fuse/lib;/mnt/applications/zlib/lib;/mnt/applications/AMD/APP/3.0/AMDAPPSDK-3.0/lib/x86_64;/mnt/applications/python/3.5.1/lib;/mnt/applications/python/2.7/lib;/mnt/applications/gsl/1.16/lib;/mnt/applications/rh/devtoolset-2/root/lib;/mnt/applications/altera/15.0/hld/board/nalla_pcie/linux64/lib;/mnt/applications/altera/15.0/hld/host/linux64/lib;/mnt/applications/wxWidgets/2.8.12/lib;/mnt/applications/rh/devtoolset-2/root/usr/lib]
  implicit fwks: []


Determining if the CXX compiler works passed with the following output:
Change Dir: /home/af2213/crowdsim_FPGA/CrowdSim/CMakeFiles/CMakeTmp

Run Build Command:"/usr/bin/gmake" "cmTryCompileExec617495610/fast"
/usr/bin/gmake -f CMakeFiles/cmTryCompileExec617495610.dir/build.make CMakeFiles/cmTryCompileExec617495610.dir/build
gmake[1]: Entering directory `/home/af2213/crowdsim_FPGA/CrowdSim/CMakeFiles/CMakeTmp'
/mnt/applications/cmake/bin/cmake -E cmake_progress_report /home/af2213/crowdsim_FPGA/CrowdSim/CMakeFiles/CMakeTmp/CMakeFiles 1
Building CXX object CMakeFiles/cmTryCompileExec617495610.dir/testCXXCompiler.cxx.o
/mnt/applications/rh/devtoolset-2/root/usr/bin/c++     -o CMakeFiles/cmTryCompileExec617495610.dir/testCXXCompiler.cxx.o -c /home/af2213/crowdsim_FPGA/CrowdSim/CMakeFiles/CMakeTmp/testCXXCompiler.cxx
Linking CXX executable cmTryCompileExec617495610
/mnt/applications/cmake/bin/cmake -E cmake_link_script CMakeFiles/cmTryCompileExec617495610.dir/link.txt --verbose=1
/mnt/applications/rh/devtoolset-2/root/usr/bin/c++        CMakeFiles/cmTryCompileExec617495610.dir/testCXXCompiler.cxx.o  -o cmTryCompileExec617495610 -rdynamic 
gmake[1]: Leaving directory `/home/af2213/crowdsim_FPGA/CrowdSim/CMakeFiles/CMakeTmp'


Detecting CXX compiler ABI info compiled with the following output:
Change Dir: /home/af2213/crowdsim_FPGA/CrowdSim/CMakeFiles/CMakeTmp

Run Build Command:"/usr/bin/gmake" "cmTryCompileExec3880659115/fast"
/usr/bin/gmake -f CMakeFiles/cmTryCompileExec3880659115.dir/build.make CMakeFiles/cmTryCompileExec3880659115.dir/build
gmake[1]: Entering directory `/home/af2213/crowdsim_FPGA/CrowdSim/CMakeFiles/CMakeTmp'
/mnt/applications/cmake/bin/cmake -E cmake_progress_report /home/af2213/crowdsim_FPGA/CrowdSim/CMakeFiles/CMakeTmp/CMakeFiles 1
Building CXX object CMakeFiles/cmTryCompileExec3880659115.dir/CMakeCXXCompilerABI.cpp.o
/mnt/applications/rh/devtoolset-2/root/usr/bin/c++     -o CMakeFiles/cmTryCompileExec3880659115.dir/CMakeCXXCompilerABI.cpp.o -c /mnt/applications/cmake/share/cmake-3.0/Modules/CMakeCXXCompilerABI.cpp
Linking CXX executable cmTryCompileExec3880659115
/mnt/applications/cmake/bin/cmake -E cmake_link_script CMakeFiles/cmTryCompileExec3880659115.dir/link.txt --verbose=1
/mnt/applications/rh/devtoolset-2/root/usr/bin/c++      -v CMakeFiles/cmTryCompileExec3880659115.dir/CMakeCXXCompilerABI.cpp.o  -o cmTryCompileExec3880659115 -rdynamic  
Using built-in specs.
COLLECT_GCC=/mnt/applications/rh/devtoolset-2/root/usr/bin/c++
COLLECT_LTO_WRAPPER=/mnt/applications/rh/devtoolset-2/root/usr/bin/../libexec/gcc/x86_64-redhat-linux/4.8.2/lto-wrapper
Target: x86_64-redhat-linux
Configured with: ../configure --prefix=/opt/rh/devtoolset-2/root/usr --mandir=/opt/rh/devtoolset-2/root/usr/share/man --infodir=/opt/rh/devtoolset-2/root/usr/share/info --with-bugurl=http://bugzilla.redhat.com/bugzilla --enable-bootstrap --enable-shared --enable-threads=posix --enable-checking=release --with-system-zlib --enable-__cxa_atexit --disable-libunwind-exceptions --enable-gnu-unique-object --enable-linker-build-id --enable-languages=c,c++,fortran,lto --enable-plugin --with-linker-hash-style=gnu --enable-initfini-array --disable-libgcj --with-isl=/dev/shm/home/centos/rpm/BUILD/gcc-4.8.2-20140120/obj-x86_64-redhat-linux/isl-install --with-cloog=/dev/shm/home/centos/rpm/BUILD/gcc-4.8.2-20140120/obj-x86_64-redhat-linux/cloog-install --with-mpc=/dev/shm/home/centos/rpm/BUILD/gcc-4.8.2-20140120/obj-x86_64-redhat-linux/mpc-install --with-tune=generic --with-arch_32=i686 --build=x86_64-redhat-linux
Thread model: posix
gcc version 4.8.2 20140120 (Red Hat 4.8.2-15) (GCC) 
COMPILER_PATH=/mnt/applications/rh/devtoolset-2/root/usr/bin/../libexec/gcc/x86_64-redhat-linux/4.8.2/:/mnt/applications/rh/devtoolset-2/root/usr/bin/../libexec/gcc/
LIBRARY_PATH=/mnt/applications/rh/devtoolset-2/root/usr/bin/../lib/gcc/x86_64-redhat-linux/4.8.2/:/mnt/applications/rh/devtoolset-2/root/usr/bin/../lib/gcc/:/mnt/applications/nvidia/cuda/7.0/lib64/../lib64/:/mnt/applications/blas/lib64/../lib64/:/mnt/applications/intel/opencl/lib64/../lib64/:/mnt/applications/rh/devtoolset-2/root/lib/../lib64/:/mnt/applications/rh/devtoolset-2/root/usr/lib64/../lib64/:/mnt/applications/rh/devtoolset-2/root/usr/bin/../lib/gcc/x86_64-redhat-linux/4.8.2/../../../../lib64/:/lib/../lib64/:/usr/lib/../lib64/:./:/mnt/applications/libevent/2.0.21/lib/:/mnt/applications/hdf5/1.8.16/lib/:/mnt/applications/leveldb/1.9.0/lib/:/mnt/applications/lmdb/lib/:/mnt/applications/gflags/lib/:/mnt/applications/glog-0.3.3/lib/:/mnt/applications/flex/2.5.39/lib/:/mnt/applications/nvidia/cuda/7.0/lib64/:/mnt/applications/opencv/2.4.10/lib/:/mnt/applications/metis/5.1.0/lib/:/mnt/applications/graphviz/2.38.0/lib/:/mnt/applications/mentor/modelsim/modeltech/lib/:/mnt/applications/bison/3.0.2/lib/:/mnt/applications/readline/6.3/lib/:/mnt/applications/mpfr/3.1.2/lib/:/mnt/applications/gmp/6.0.0/lib/:/mnt/applications/PDFlib/lib/:/mnt/applications/zimpl/zimpl/lib/:/mnt/applications/scip/3.1.1/lib/:/mnt/applications/boost/stage/lib/:/mnt/applications/fuse/lib/:/mnt/applications/blas/lib64/:/mnt/applications/intel/opencl/lib64/:/mnt/applications/zlib/lib/:/mnt/applications/AMD/APP/3.0/AMDAPPSDK-3.0/lib/x86_64/:/mnt/applications/python/3.5.1/lib/:/mnt/applications/python/2.7/lib/:/mnt/applications/gsl/1.16/lib/:/mnt/applications/rh/devtoolset-2/root/lib/:/mnt/applications/rh/devtoolset-2/root/usr/lib64/:/mnt/applications/altera/15.0/hld/board/nalla_pcie/linux64/lib/:/mnt/applications/altera/15.0/hld/host/linux64/lib/:./:./:./:./:./:./:./:/mnt/applications/wxWidgets/2.8.12/lib/:./:./:./:./:./:./:/mnt/applications/rh/devtoolset-2/root/usr/bin/../lib/gcc/x86_64-redhat-linux/4.8.2/../../../:/lib/:/usr/lib/
COLLECT_GCC_OPTIONS='-v' '-o' 'cmTryCompileExec3880659115' '-rdynamic' '-shared-libgcc' '-mtune=generic' '-march=x86-64'
 /mnt/applications/rh/devtoolset-2/root/usr/bin/../libexec/gcc/x86_64-redhat-linux/4.8.2/collect2 --build-id --no-add-needed --eh-frame-hdr --hash-style=gnu -m elf_x86_64 -export-dynamic -dynamic-linker /lib64/ld-linux-x86-64.so.2 -o cmTryCompileExec3880659115 /usr/lib/../lib64/crt1.o /usr/lib/../lib64/crti.o /mnt/applications/rh/devtoolset-2/root/usr/bin/../lib/gcc/x86_64-redhat-linux/4.8.2/crtbegin.o -L/mnt/applications/rh/devtoolset-2/root/usr/bin/../lib/gcc/x86_64-redhat-linux/4.8.2 -L/mnt/applications/rh/devtoolset-2/root/usr/bin/../lib/gcc -L/mnt/applications/nvidia/cuda/7.0/lib64/../lib64 -L/mnt/applications/blas/lib64/../lib64 -L/mnt/applications/intel/opencl/lib64/../lib64 -L/mnt/applications/rh/devtoolset-2/root/lib/../lib64 -L/mnt/applications/rh/devtoolset-2/root/usr/lib64/../lib64 -L/mnt/applications/rh/devtoolset-2/root/usr/bin/../lib/gcc/x86_64-redhat-linux/4.8.2/../../../../lib64 -L/lib/../lib64 -L/usr/lib/../lib64 -L. -L/mnt/applications/libevent/2.0.21/lib -L/mnt/applications/hdf5/1.8.16/lib -L/mnt/applications/leveldb/1.9.0/lib -L/mnt/applications/lmdb/lib -L/mnt/applications/gflags/lib -L/mnt/applications/glog-0.3.3/lib -L/mnt/applications/flex/2.5.39/lib -L/mnt/applications/nvidia/cuda/7.0/lib64 -L/mnt/applications/opencv/2.4.10/lib -L/mnt/applications/metis/5.1.0/lib -L/mnt/applications/graphviz/2.38.0/lib -L/mnt/applications/mentor/modelsim/modeltech/lib -L/mnt/applications/bison/3.0.2/lib -L/mnt/applications/readline/6.3/lib -L/mnt/applications/mpfr/3.1.2/lib -L/mnt/applications/gmp/6.0.0/lib -L/mnt/applications/PDFlib/lib -L/mnt/applications/zimpl/zimpl/lib -L/mnt/applications/scip/3.1.1/lib -L/mnt/applications/boost/stage/lib -L/mnt/applications/fuse/lib -L/mnt/applications/blas/lib64 -L/mnt/applications/intel/opencl/lib64 -L/mnt/applications/zlib/lib -L/mnt/applications/AMD/APP/3.0/AMDAPPSDK-3.0/lib/x86_64 -L/mnt/applications/python/3.5.1/lib -L/mnt/applications/python/2.7/lib -L/mnt/applications/gsl/1.16/lib -L/mnt/applications/rh/devtoolset-2/root/lib -L/mnt/applications/rh/devtoolset-2/root/usr/lib64 -L/mnt/applications/altera/15.0/hld/board/nalla_pcie/linux64/lib -L/mnt/applications/altera/15.0/hld/host/linux64/lib -L. -L. -L. -L. -L. -L. -L. -L/mnt/applications/wxWidgets/2.8.12/lib -L. -L. -L. -L. -L. -L. -L/mnt/applications/rh/devtoolset-2/root/usr/bin/../lib/gcc/x86_64-redhat-linux/4.8.2/../../.. CMakeFiles/cmTryCompileExec3880659115.dir/CMakeCXXCompilerABI.cpp.o -lstdc++ -lm -lgcc_s -lgcc -lc -lgcc_s -lgcc /mnt/applications/rh/devtoolset-2/root/usr/bin/../lib/gcc/x86_64-redhat-linux/4.8.2/crtend.o /usr/lib/../lib64/crtn.o
gmake[1]: Leaving directory `/home/af2213/crowdsim_FPGA/CrowdSim/CMakeFiles/CMakeTmp'


Parsed CXX implicit link information from above output:
  link line regex: [^( *|.*[/\])(ld|([^/\]+-)?ld|collect2)[^/\]*( |$)]
  ignore line: [Change Dir: /home/af2213/crowdsim_FPGA/CrowdSim/CMakeFiles/CMakeTmp]
  ignore line: []
  ignore line: [Run Build Command:"/usr/bin/gmake" "cmTryCompileExec3880659115/fast"]
  ignore line: [/usr/bin/gmake -f CMakeFiles/cmTryCompileExec3880659115.dir/build.make CMakeFiles/cmTryCompileExec3880659115.dir/build]
  ignore line: [gmake[1]: Entering directory `/home/af2213/crowdsim_FPGA/CrowdSim/CMakeFiles/CMakeTmp']
  ignore line: [/mnt/applications/cmake/bin/cmake -E cmake_progress_report /home/af2213/crowdsim_FPGA/CrowdSim/CMakeFiles/CMakeTmp/CMakeFiles 1]
  ignore line: [Building CXX object CMakeFiles/cmTryCompileExec3880659115.dir/CMakeCXXCompilerABI.cpp.o]
  ignore line: [/mnt/applications/rh/devtoolset-2/root/usr/bin/c++     -o CMakeFiles/cmTryCompileExec3880659115.dir/CMakeCXXCompilerABI.cpp.o -c /mnt/applications/cmake/share/cmake-3.0/Modules/CMakeCXXCompilerABI.cpp]
  ignore line: [Linking CXX executable cmTryCompileExec3880659115]
  ignore line: [/mnt/applications/cmake/bin/cmake -E cmake_link_script CMakeFiles/cmTryCompileExec3880659115.dir/link.txt --verbose=1]
  ignore line: [/mnt/applications/rh/devtoolset-2/root/usr/bin/c++      -v CMakeFiles/cmTryCompileExec3880659115.dir/CMakeCXXCompilerABI.cpp.o  -o cmTryCompileExec3880659115 -rdynamic  ]
  ignore line: [Using built-in specs.]
  ignore line: [COLLECT_GCC=/mnt/applications/rh/devtoolset-2/root/usr/bin/c++]
  ignore line: [COLLECT_LTO_WRAPPER=/mnt/applications/rh/devtoolset-2/root/usr/bin/../libexec/gcc/x86_64-redhat-linux/4.8.2/lto-wrapper]
  ignore line: [Target: x86_64-redhat-linux]
  ignore line: [Configured with: ../configure --prefix=/opt/rh/devtoolset-2/root/usr --mandir=/opt/rh/devtoolset-2/root/usr/share/man --infodir=/opt/rh/devtoolset-2/root/usr/share/info --with-bugurl=http://bugzilla.redhat.com/bugzilla --enable-bootstrap --enable-shared --enable-threads=posix --enable-checking=release --with-system-zlib --enable-__cxa_atexit --disable-libunwind-exceptions --enable-gnu-unique-object --enable-linker-build-id --enable-languages=c,c++,fortran,lto --enable-plugin --with-linker-hash-style=gnu --enable-initfini-array --disable-libgcj --with-isl=/dev/shm/home/centos/rpm/BUILD/gcc-4.8.2-20140120/obj-x86_64-redhat-linux/isl-install --with-cloog=/dev/shm/home/centos/rpm/BUILD/gcc-4.8.2-20140120/obj-x86_64-redhat-linux/cloog-install --with-mpc=/dev/shm/home/centos/rpm/BUILD/gcc-4.8.2-20140120/obj-x86_64-redhat-linux/mpc-install --with-tune=generic --with-arch_32=i686 --build=x86_64-redhat-linux]
  ignore line: [Thread model: posix]
  ignore line: [gcc version 4.8.2 20140120 (Red Hat 4.8.2-15) (GCC) ]
  ignore line: [COMPILER_PATH=/mnt/applications/rh/devtoolset-2/root/usr/bin/../libexec/gcc/x86_64-redhat-linux/4.8.2/:/mnt/applications/rh/devtoolset-2/root/usr/bin/../libexec/gcc/]
  ignore line: [LIBRARY_PATH=/mnt/applications/rh/devtoolset-2/root/usr/bin/../lib/gcc/x86_64-redhat-linux/4.8.2/:/mnt/applications/rh/devtoolset-2/root/usr/bin/../lib/gcc/:/mnt/applications/nvidia/cuda/7.0/lib64/../lib64/:/mnt/applications/blas/lib64/../lib64/:/mnt/applications/intel/opencl/lib64/../lib64/:/mnt/applications/rh/devtoolset-2/root/lib/../lib64/:/mnt/applications/rh/devtoolset-2/root/usr/lib64/../lib64/:/mnt/applications/rh/devtoolset-2/root/usr/bin/../lib/gcc/x86_64-redhat-linux/4.8.2/../../../../lib64/:/lib/../lib64/:/usr/lib/../lib64/:./:/mnt/applications/libevent/2.0.21/lib/:/mnt/applications/hdf5/1.8.16/lib/:/mnt/applications/leveldb/1.9.0/lib/:/mnt/applications/lmdb/lib/:/mnt/applications/gflags/lib/:/mnt/applications/glog-0.3.3/lib/:/mnt/applications/flex/2.5.39/lib/:/mnt/applications/nvidia/cuda/7.0/lib64/:/mnt/applications/opencv/2.4.10/lib/:/mnt/applications/metis/5.1.0/lib/:/mnt/applications/graphviz/2.38.0/lib/:/mnt/applications/mentor/modelsim/modeltech/lib/:/mnt/applications/bison/3.0.2/lib/:/mnt/applications/readline/6.3/lib/:/mnt/applications/mpfr/3.1.2/lib/:/mnt/applications/gmp/6.0.0/lib/:/mnt/applications/PDFlib/lib/:/mnt/applications/zimpl/zimpl/lib/:/mnt/applications/scip/3.1.1/lib/:/mnt/applications/boost/stage/lib/:/mnt/applications/fuse/lib/:/mnt/applications/blas/lib64/:/mnt/applications/intel/opencl/lib64/:/mnt/applications/zlib/lib/:/mnt/applications/AMD/APP/3.0/AMDAPPSDK-3.0/lib/x86_64/:/mnt/applications/python/3.5.1/lib/:/mnt/applications/python/2.7/lib/:/mnt/applications/gsl/1.16/lib/:/mnt/applications/rh/devtoolset-2/root/lib/:/mnt/applications/rh/devtoolset-2/root/usr/lib64/:/mnt/applications/altera/15.0/hld/board/nalla_pcie/linux64/lib/:/mnt/applications/altera/15.0/hld/host/linux64/lib/:./:./:./:./:./:./:./:/mnt/applications/wxWidgets/2.8.12/lib/:./:./:./:./:./:./:/mnt/applications/rh/devtoolset-2/root/usr/bin/../lib/gcc/x86_64-redhat-linux/4.8.2/../../../:/lib/:/usr/lib/]
  ignore line: [COLLECT_GCC_OPTIONS='-v' '-o' 'cmTryCompileExec3880659115' '-rdynamic' '-shared-libgcc' '-mtune=generic' '-march=x86-64']
  link line: [ /mnt/applications/rh/devtoolset-2/root/usr/bin/../libexec/gcc/x86_64-redhat-linux/4.8.2/collect2 --build-id --no-add-needed --eh-frame-hdr --hash-style=gnu -m elf_x86_64 -export-dynamic -dynamic-linker /lib64/ld-linux-x86-64.so.2 -o cmTryCompileExec3880659115 /usr/lib/../lib64/crt1.o /usr/lib/../lib64/crti.o /mnt/applications/rh/devtoolset-2/root/usr/bin/../lib/gcc/x86_64-redhat-linux/4.8.2/crtbegin.o -L/mnt/applications/rh/devtoolset-2/root/usr/bin/../lib/gcc/x86_64-redhat-linux/4.8.2 -L/mnt/applications/rh/devtoolset-2/root/usr/bin/../lib/gcc -L/mnt/applications/nvidia/cuda/7.0/lib64/../lib64 -L/mnt/applications/blas/lib64/../lib64 -L/mnt/applications/intel/opencl/lib64/../lib64 -L/mnt/applications/rh/devtoolset-2/root/lib/../lib64 -L/mnt/applications/rh/devtoolset-2/root/usr/lib64/../lib64 -L/mnt/applications/rh/devtoolset-2/root/usr/bin/../lib/gcc/x86_64-redhat-linux/4.8.2/../../../../lib64 -L/lib/../lib64 -L/usr/lib/../lib64 -L. -L/mnt/applications/libevent/2.0.21/lib -L/mnt/applications/hdf5/1.8.16/lib -L/mnt/applications/leveldb/1.9.0/lib -L/mnt/applications/lmdb/lib -L/mnt/applications/gflags/lib -L/mnt/applications/glog-0.3.3/lib -L/mnt/applications/flex/2.5.39/lib -L/mnt/applications/nvidia/cuda/7.0/lib64 -L/mnt/applications/opencv/2.4.10/lib -L/mnt/applications/metis/5.1.0/lib -L/mnt/applications/graphviz/2.38.0/lib -L/mnt/applications/mentor/modelsim/modeltech/lib -L/mnt/applications/bison/3.0.2/lib -L/mnt/applications/readline/6.3/lib -L/mnt/applications/mpfr/3.1.2/lib -L/mnt/applications/gmp/6.0.0/lib -L/mnt/applications/PDFlib/lib -L/mnt/applications/zimpl/zimpl/lib -L/mnt/applications/scip/3.1.1/lib -L/mnt/applications/boost/stage/lib -L/mnt/applications/fuse/lib -L/mnt/applications/blas/lib64 -L/mnt/applications/intel/opencl/lib64 -L/mnt/applications/zlib/lib -L/mnt/applications/AMD/APP/3.0/AMDAPPSDK-3.0/lib/x86_64 -L/mnt/applications/python/3.5.1/lib -L/mnt/applications/python/2.7/lib -L/mnt/applications/gsl/1.16/lib -L/mnt/applications/rh/devtoolset-2/root/lib -L/mnt/applications/rh/devtoolset-2/root/usr/lib64 -L/mnt/applications/altera/15.0/hld/board/nalla_pcie/linux64/lib -L/mnt/applications/altera/15.0/hld/host/linux64/lib -L. -L. -L. -L. -L. -L. -L. -L/mnt/applications/wxWidgets/2.8.12/lib -L. -L. -L. -L. -L. -L. -L/mnt/applications/rh/devtoolset-2/root/usr/bin/../lib/gcc/x86_64-redhat-linux/4.8.2/../../.. CMakeFiles/cmTryCompileExec3880659115.dir/CMakeCXXCompilerABI.cpp.o -lstdc++ -lm -lgcc_s -lgcc -lc -lgcc_s -lgcc /mnt/applications/rh/devtoolset-2/root/usr/bin/../lib/gcc/x86_64-redhat-linux/4.8.2/crtend.o /usr/lib/../lib64/crtn.o]
    arg [/mnt/applications/rh/devtoolset-2/root/usr/bin/../libexec/gcc/x86_64-redhat-linux/4.8.2/collect2] ==> ignore
    arg [--build-id] ==> ignore
    arg [--no-add-needed] ==> ignore
    arg [--eh-frame-hdr] ==> ignore
    arg [--hash-style=gnu] ==> ignore
    arg [-m] ==> ignore
    arg [elf_x86_64] ==> ignore
    arg [-export-dynamic] ==> ignore
    arg [-dynamic-linker] ==> ignore
    arg [/lib64/ld-linux-x86-64.so.2] ==> ignore
    arg [-o] ==> ignore
    arg [cmTryCompileExec3880659115] ==> ignore
    arg [/usr/lib/../lib64/crt1.o] ==> ignore
    arg [/usr/lib/../lib64/crti.o] ==> ignore
    arg [/mnt/applications/rh/devtoolset-2/root/usr/bin/../lib/gcc/x86_64-redhat-linux/4.8.2/crtbegin.o] ==> ignore
    arg [-L/mnt/applications/rh/devtoolset-2/root/usr/bin/../lib/gcc/x86_64-redhat-linux/4.8.2] ==> dir [/mnt/applications/rh/devtoolset-2/root/usr/bin/../lib/gcc/x86_64-redhat-linux/4.8.2]
    arg [-L/mnt/applications/rh/devtoolset-2/root/usr/bin/../lib/gcc] ==> dir [/mnt/applications/rh/devtoolset-2/root/usr/bin/../lib/gcc]
    arg [-L/mnt/applications/nvidia/cuda/7.0/lib64/../lib64] ==> dir [/mnt/applications/nvidia/cuda/7.0/lib64/../lib64]
    arg [-L/mnt/applications/blas/lib64/../lib64] ==> dir [/mnt/applications/blas/lib64/../lib64]
    arg [-L/mnt/applications/intel/opencl/lib64/../lib64] ==> dir [/mnt/applications/intel/opencl/lib64/../lib64]
    arg [-L/mnt/applications/rh/devtoolset-2/root/lib/../lib64] ==> dir [/mnt/applications/rh/devtoolset-2/root/lib/../lib64]
    arg [-L/mnt/applications/rh/devtoolset-2/root/usr/lib64/../lib64] ==> dir [/mnt/applications/rh/devtoolset-2/root/usr/lib64/../lib64]
    arg [-L/mnt/applications/rh/devtoolset-2/root/usr/bin/../lib/gcc/x86_64-redhat-linux/4.8.2/../../../../lib64] ==> dir [/mnt/applications/rh/devtoolset-2/root/usr/bin/../lib/gcc/x86_64-redhat-linux/4.8.2/../../../../lib64]
    arg [-L/lib/../lib64] ==> dir [/lib/../lib64]
    arg [-L/usr/lib/../lib64] ==> dir [/usr/lib/../lib64]
    arg [-L.] ==> ignore
    arg [-L/mnt/applications/libevent/2.0.21/lib] ==> dir [/mnt/applications/libevent/2.0.21/lib]
    arg [-L/mnt/applications/hdf5/1.8.16/lib] ==> dir [/mnt/applications/hdf5/1.8.16/lib]
    arg [-L/mnt/applications/leveldb/1.9.0/lib] ==> dir [/mnt/applications/leveldb/1.9.0/lib]
    arg [-L/mnt/applications/lmdb/lib] ==> dir [/mnt/applications/lmdb/lib]
    arg [-L/mnt/applications/gflags/lib] ==> dir [/mnt/applications/gflags/lib]
    arg [-L/mnt/applications/glog-0.3.3/lib] ==> dir [/mnt/applications/glog-0.3.3/lib]
    arg [-L/mnt/applications/flex/2.5.39/lib] ==> dir [/mnt/applications/flex/2.5.39/lib]
    arg [-L/mnt/applications/nvidia/cuda/7.0/lib64] ==> dir [/mnt/applications/nvidia/cuda/7.0/lib64]
    arg [-L/mnt/applications/opencv/2.4.10/lib] ==> dir [/mnt/applications/opencv/2.4.10/lib]
    arg [-L/mnt/applications/metis/5.1.0/lib] ==> dir [/mnt/applications/metis/5.1.0/lib]
    arg [-L/mnt/applications/graphviz/2.38.0/lib] ==> dir [/mnt/applications/graphviz/2.38.0/lib]
    arg [-L/mnt/applications/mentor/modelsim/modeltech/lib] ==> dir [/mnt/applications/mentor/modelsim/modeltech/lib]
    arg [-L/mnt/applications/bison/3.0.2/lib] ==> dir [/mnt/applications/bison/3.0.2/lib]
    arg [-L/mnt/applications/readline/6.3/lib] ==> dir [/mnt/applications/readline/6.3/lib]
    arg [-L/mnt/applications/mpfr/3.1.2/lib] ==> dir [/mnt/applications/mpfr/3.1.2/lib]
    arg [-L/mnt/applications/gmp/6.0.0/lib] ==> dir [/mnt/applications/gmp/6.0.0/lib]
    arg [-L/mnt/applications/PDFlib/lib] ==> dir [/mnt/applications/PDFlib/lib]
    arg [-L/mnt/applications/zimpl/zimpl/lib] ==> dir [/mnt/applications/zimpl/zimpl/lib]
    arg [-L/mnt/applications/scip/3.1.1/lib] ==> dir [/mnt/applications/scip/3.1.1/lib]
    arg [-L/mnt/applications/boost/stage/lib] ==> dir [/mnt/applications/boost/stage/lib]
    arg [-L/mnt/applications/fuse/lib] ==> dir [/mnt/applications/fuse/lib]
    arg [-L/mnt/applications/blas/lib64] ==> dir [/mnt/applications/blas/lib64]
    arg [-L/mnt/applications/intel/opencl/lib64] ==> dir [/mnt/applications/intel/opencl/lib64]
    arg [-L/mnt/applications/zlib/lib] ==> dir [/mnt/applications/zlib/lib]
    arg [-L/mnt/applications/AMD/APP/3.0/AMDAPPSDK-3.0/lib/x86_64] ==> dir [/mnt/applications/AMD/APP/3.0/AMDAPPSDK-3.0/lib/x86_64]
    arg [-L/mnt/applications/python/3.5.1/lib] ==> dir [/mnt/applications/python/3.5.1/lib]
    arg [-L/mnt/applications/python/2.7/lib] ==> dir [/mnt/applications/python/2.7/lib]
    arg [-L/mnt/applications/gsl/1.16/lib] ==> dir [/mnt/applications/gsl/1.16/lib]
    arg [-L/mnt/applications/rh/devtoolset-2/root/lib] ==> dir [/mnt/applications/rh/devtoolset-2/root/lib]
    arg [-L/mnt/applications/rh/devtoolset-2/root/usr/lib64] ==> dir [/mnt/applications/rh/devtoolset-2/root/usr/lib64]
    arg [-L/mnt/applications/altera/15.0/hld/board/nalla_pcie/linux64/lib] ==> dir [/mnt/applications/altera/15.0/hld/board/nalla_pcie/linux64/lib]
    arg [-L/mnt/applications/altera/15.0/hld/host/linux64/lib] ==> dir [/mnt/applications/altera/15.0/hld/host/linux64/lib]
    arg [-L.] ==> ignore
    arg [-L.] ==> ignore
    arg [-L.] ==> ignore
    arg [-L.] ==> ignore
    arg [-L.] ==> ignore
    arg [-L.] ==> ignore
    arg [-L.] ==> ignore
    arg [-L/mnt/applications/wxWidgets/2.8.12/lib] ==> dir [/mnt/applications/wxWidgets/2.8.12/lib]
    arg [-L.] ==> ignore
    arg [-L.] ==> ignore
    arg [-L.] ==> ignore
    arg [-L.] ==> ignore
    arg [-L.] ==> ignore
    arg [-L.] ==> ignore
    arg [-L/mnt/applications/rh/devtoolset-2/root/usr/bin/../lib/gcc/x86_64-redhat-linux/4.8.2/../../..] ==> dir [/mnt/applications/rh/devtoolset-2/root/usr/bin/../lib/gcc/x86_64-redhat-linux/4.8.2/../../..]
    arg [CMakeFiles/cmTryCompileExec3880659115.dir/CMakeCXXCompilerABI.cpp.o] ==> ignore
    arg [-lstdc++] ==> lib [stdc++]
    arg [-lm] ==> lib [m]
    arg [-lgcc_s] ==> lib [gcc_s]
    arg [-lgcc] ==> lib [gcc]
    arg [-lc] ==> lib [c]
    arg [-lgcc_s] ==> lib [gcc_s]
    arg [-lgcc] ==> lib [gcc]
    arg [/mnt/applications/rh/devtoolset-2/root/usr/bin/../lib/gcc/x86_64-redhat-linux/4.8.2/crtend.o] ==> ignore
    arg [/usr/lib/../lib64/crtn.o] ==> ignore
  remove lib [gcc_s]
  remove lib [gcc]
  remove lib [gcc_s]
  remove lib [gcc]
  collapse library dir [/mnt/applications/rh/devtoolset-2/root/usr/bin/../lib/gcc/x86_64-redhat-linux/4.8.2] ==> [/mnt/applications/rh/devtoolset-2/root/usr/lib/gcc/x86_64-redhat-linux/4.8.2]
  collapse library dir [/mnt/applications/rh/devtoolset-2/root/usr/bin/../lib/gcc] ==> [/mnt/applications/rh/devtoolset-2/root/usr/lib/gcc]
  collapse library dir [/mnt/applications/nvidia/cuda/7.0/lib64/../lib64] ==> [/mnt/applications/nvidia/cuda/7.0/lib64]
  collapse library dir [/mnt/applications/blas/lib64/../lib64] ==> [/mnt/applications/blas/lib64]
  collapse library dir [/mnt/applications/intel/opencl/lib64/../lib64] ==> [/mnt/applications/intel/opencl/lib64]
  collapse library dir [/mnt/applications/rh/devtoolset-2/root/lib/../lib64] ==> [/mnt/applications/rh/devtoolset-2/root/lib64]
  collapse library dir [/mnt/applications/rh/devtoolset-2/root/usr/lib64/../lib64] ==> [/mnt/applications/rh/devtoolset-2/root/usr/lib64]
  collapse library dir [/mnt/applications/rh/devtoolset-2/root/usr/bin/../lib/gcc/x86_64-redhat-linux/4.8.2/../../../../lib64] ==> [/mnt/applications/rh/devtoolset-2/root/usr/lib64]
  collapse library dir [/lib/../lib64] ==> [/lib64]
  collapse library dir [/usr/lib/../lib64] ==> [/usr/lib64]
  collapse library dir [/mnt/applications/libevent/2.0.21/lib] ==> [/mnt/applications/libevent/2.0.21/lib]
  collapse library dir [/mnt/applications/hdf5/1.8.16/lib] ==> [/mnt/applications/hdf5/1.8.16/lib]
  collapse library dir [/mnt/applications/leveldb/1.9.0/lib] ==> [/mnt/applications/leveldb/1.9.0/lib]
  collapse library dir [/mnt/applications/lmdb/lib] ==> [/mnt/applications/lmdb/lib]
  collapse library dir [/mnt/applications/gflags/lib] ==> [/mnt/applications/gflags/lib]
  collapse library dir [/mnt/applications/glog-0.3.3/lib] ==> [/mnt/applications/glog-0.3.3/lib]
  collapse library dir [/mnt/applications/flex/2.5.39/lib] ==> [/mnt/applications/flex/2.5.39/lib]
  collapse library dir [/mnt/applications/nvidia/cuda/7.0/lib64] ==> [/mnt/applications/nvidia/cuda/7.0/lib64]
  collapse library dir [/mnt/applications/opencv/2.4.10/lib] ==> [/mnt/applications/opencv/2.4.10/lib]
  collapse library dir [/mnt/applications/metis/5.1.0/lib] ==> [/mnt/applications/metis/5.1.0/lib]
  collapse library dir [/mnt/applications/graphviz/2.38.0/lib] ==> [/mnt/applications/graphviz/2.38.0/lib]
  collapse library dir [/mnt/applications/mentor/modelsim/modeltech/lib] ==> [/mnt/applications/mentor/modelsim/modeltech/lib]
  collapse library dir [/mnt/applications/bison/3.0.2/lib] ==> [/mnt/applications/bison/3.0.2/lib]
  collapse library dir [/mnt/applications/readline/6.3/lib] ==> [/mnt/applications/readline/6.3/lib]
  collapse library dir [/mnt/applications/mpfr/3.1.2/lib] ==> [/mnt/applications/mpfr/3.1.2/lib]
  collapse library dir [/mnt/applications/gmp/6.0.0/lib] ==> [/mnt/applications/gmp/6.0.0/lib]
  collapse library dir [/mnt/applications/PDFlib/lib] ==> [/mnt/applications/PDFlib/lib]
  collapse library dir [/mnt/applications/zimpl/zimpl/lib] ==> [/mnt/applications/zimpl/zimpl/lib]
  collapse library dir [/mnt/applications/scip/3.1.1/lib] ==> [/mnt/applications/scip/3.1.1/lib]
  collapse library dir [/mnt/applications/boost/stage/lib] ==> [/mnt/applications/boost/stage/lib]
  collapse library dir [/mnt/applications/fuse/lib] ==> [/mnt/applications/fuse/lib]
  collapse library dir [/mnt/applications/blas/lib64] ==> [/mnt/applications/blas/lib64]
  collapse library dir [/mnt/applications/intel/opencl/lib64] ==> [/mnt/applications/intel/opencl/lib64]
  collapse library dir [/mnt/applications/zlib/lib] ==> [/mnt/applications/zlib/lib]
  collapse library dir [/mnt/applications/AMD/APP/3.0/AMDAPPSDK-3.0/lib/x86_64] ==> [/mnt/applications/AMD/APP/3.0/AMDAPPSDK-3.0/lib/x86_64]
  collapse library dir [/mnt/applications/python/3.5.1/lib] ==> [/mnt/applications/python/3.5.1/lib]
  collapse library dir [/mnt/applications/python/2.7/lib] ==> [/mnt/applications/python/2.7/lib]
  collapse library dir [/mnt/applications/gsl/1.16/lib] ==> [/mnt/applications/gsl/1.16/lib]
  collapse library dir [/mnt/applications/rh/devtoolset-2/root/lib] ==> [/mnt/applications/rh/devtoolset-2/root/lib]
  collapse library dir [/mnt/applications/rh/devtoolset-2/root/usr/lib64] ==> [/mnt/applications/rh/devtoolset-2/root/usr/lib64]
  collapse library dir [/mnt/applications/altera/15.0/hld/board/nalla_pcie/linux64/lib] ==> [/mnt/applications/altera/15.0/hld/board/nalla_pcie/linux64/lib]
  collapse library dir [/mnt/applications/altera/15.0/hld/host/linux64/lib] ==> [/mnt/applications/altera/15.0/hld/host/linux64/lib]
  collapse library dir [/mnt/applications/wxWidgets/2.8.12/lib] ==> [/mnt/applications/wxWidgets/2.8.12/lib]
  collapse library dir [/mnt/applications/rh/devtoolset-2/root/usr/bin/../lib/gcc/x86_64-redhat-linux/4.8.2/../../..] ==> [/mnt/applications/rh/devtoolset-2/root/usr/lib]
  implicit libs: [stdc++;m;c]
  implicit dirs: [/mnt/applications/rh/devtoolset-2/root/usr/lib/gcc/x86_64-redhat-linux/4.8.2;/mnt/applications/rh/devtoolset-2/root/usr/lib/gcc;/mnt/applications/nvidia/cuda/7.0/lib64;/mnt/applications/blas/lib64;/mnt/applications/intel/opencl/lib64;/mnt/applications/rh/devtoolset-2/root/lib64;/mnt/applications/rh/devtoolset-2/root/usr/lib64;/lib64;/usr/lib64;/mnt/applications/libevent/2.0.21/lib;/mnt/applications/hdf5/1.8.16/lib;/mnt/applications/leveldb/1.9.0/lib;/mnt/applications/lmdb/lib;/mnt/applications/gflags/lib;/mnt/applications/glog-0.3.3/lib;/mnt/applications/flex/2.5.39/lib;/mnt/applications/opencv/2.4.10/lib;/mnt/applications/metis/5.1.0/lib;/mnt/applications/graphviz/2.38.0/lib;/mnt/applications/mentor/modelsim/modeltech/lib;/mnt/applications/bison/3.0.2/lib;/mnt/applications/readline/6.3/lib;/mnt/applications/mpfr/3.1.2/lib;/mnt/applications/gmp/6.0.0/lib;/mnt/applications/PDFlib/lib;/mnt/applications/zimpl/zimpl/lib;/mnt/applications/scip/3.1.1/lib;/mnt/applications/boost/stage/lib;/mnt/applications/fuse/lib;/mnt/applications/zlib/lib;/mnt/applications/AMD/APP/3.0/AMDAPPSDK-3.0/lib/x86_64;/mnt/applications/python/3.5.1/lib;/mnt/applications/python/2.7/lib;/mnt/applications/gsl/1.16/lib;/mnt/applications/rh/devtoolset-2/root/lib;/mnt/applications/altera/15.0/hld/board/nalla_pcie/linux64/lib;/mnt/applications/altera/15.0/hld/host/linux64/lib;/mnt/applications/wxWidgets/2.8.12/lib;/mnt/applications/rh/devtoolset-2/root/usr/lib]
  implicit fwks: []


